  [1m[35m (608.1ms)[0m  [1m[35mCREATE DATABASE "taskleaf_development" ENCODING = 'unicode'[0m
  ↳ bin/rails:9
  [1m[35m (506.0ms)[0m  [1m[35mCREATE DATABASE "taskleaf_test" ENCODING = 'unicode'[0m
  ↳ bin/rails:9
Started GET "/" for 127.0.0.1 at 2018-11-06 02:16:08 +0900
Processing by Rails::WelcomeController#index as HTML
  Rendering /Users/take/.rbenv/gems/2.5.0/gems/railties-5.2.1/lib/rails/templates/rails/welcome/index.html.erb
  Rendered /Users/take/.rbenv/gems/2.5.0/gems/railties-5.2.1/lib/rails/templates/rails/welcome/index.html.erb (6.3ms)
Completed 200 OK in 80ms (Views: 19.4ms | ActiveRecord: 0.0ms)


Started GET "/static/img/favicon.ico" for 127.0.0.1 at 2018-11-06 02:16:11 +0900
  
ActionController::RoutingError (No route matches [GET] "/static/img/favicon.ico"):
  
/Users/take/.rbenv/gems/2.5.0/gems/actionpack-5.2.1/lib/action_dispatch/middleware/debug_exceptions.rb:65:in `call'
/Users/take/.rbenv/gems/2.5.0/gems/web-console-3.7.0/lib/web_console/middleware.rb:135:in `call_app'
/Users/take/.rbenv/gems/2.5.0/gems/web-console-3.7.0/lib/web_console/middleware.rb:30:in `block in call'
/Users/take/.rbenv/gems/2.5.0/gems/web-console-3.7.0/lib/web_console/middleware.rb:20:in `catch'
/Users/take/.rbenv/gems/2.5.0/gems/web-console-3.7.0/lib/web_console/middleware.rb:20:in `call'
/Users/take/.rbenv/gems/2.5.0/gems/actionpack-5.2.1/lib/action_dispatch/middleware/show_exceptions.rb:33:in `call'
/Users/take/.rbenv/gems/2.5.0/gems/railties-5.2.1/lib/rails/rack/logger.rb:38:in `call_app'
/Users/take/.rbenv/gems/2.5.0/gems/railties-5.2.1/lib/rails/rack/logger.rb:26:in `block in call'
/Users/take/.rbenv/gems/2.5.0/gems/activesupport-5.2.1/lib/active_support/tagged_logging.rb:71:in `block in tagged'
/Users/take/.rbenv/gems/2.5.0/gems/activesupport-5.2.1/lib/active_support/tagged_logging.rb:28:in `tagged'
/Users/take/.rbenv/gems/2.5.0/gems/activesupport-5.2.1/lib/active_support/tagged_logging.rb:71:in `tagged'
/Users/take/.rbenv/gems/2.5.0/gems/railties-5.2.1/lib/rails/rack/logger.rb:26:in `call'
/Users/take/.rbenv/gems/2.5.0/gems/sprockets-rails-3.2.1/lib/sprockets/rails/quiet_assets.rb:13:in `call'
/Users/take/.rbenv/gems/2.5.0/gems/actionpack-5.2.1/lib/action_dispatch/middleware/remote_ip.rb:81:in `call'
/Users/take/.rbenv/gems/2.5.0/gems/actionpack-5.2.1/lib/action_dispatch/middleware/request_id.rb:27:in `call'
/Users/take/.rbenv/gems/2.5.0/gems/rack-2.0.5/lib/rack/method_override.rb:22:in `call'
/Users/take/.rbenv/gems/2.5.0/gems/rack-2.0.5/lib/rack/runtime.rb:22:in `call'
/Users/take/.rbenv/gems/2.5.0/gems/activesupport-5.2.1/lib/active_support/cache/strategy/local_cache_middleware.rb:29:in `call'
/Users/take/.rbenv/gems/2.5.0/gems/actionpack-5.2.1/lib/action_dispatch/middleware/executor.rb:14:in `call'
/Users/take/.rbenv/gems/2.5.0/gems/actionpack-5.2.1/lib/action_dispatch/middleware/static.rb:127:in `call'
/Users/take/.rbenv/gems/2.5.0/gems/rack-2.0.5/lib/rack/sendfile.rb:111:in `call'
/Users/take/.rbenv/gems/2.5.0/gems/railties-5.2.1/lib/rails/engine.rb:524:in `call'
/Users/take/.rbenv/gems/2.5.0/gems/puma-3.12.0/lib/puma/configuration.rb:225:in `call'
/Users/take/.rbenv/gems/2.5.0/gems/puma-3.12.0/lib/puma/server.rb:658:in `handle_request'
/Users/take/.rbenv/gems/2.5.0/gems/puma-3.12.0/lib/puma/server.rb:472:in `process_client'
/Users/take/.rbenv/gems/2.5.0/gems/puma-3.12.0/lib/puma/server.rb:332:in `block in run'
/Users/take/.rbenv/gems/2.5.0/gems/puma-3.12.0/lib/puma/thread_pool.rb:133:in `block in spawn_thread'
